<?xml version="1.0" encoding="UTF-8"?>
<testsuite name="com.raibledesigns.dao.UserDaoTest" time="2.556" tests="9" errors="0" skipped="0" failures="0">
  <properties>
[...]
</properties>
  <testcase name="testAddUserRole" classname="com.raibledesigns.dao.UserDaoTest" time="0.783"/>
  <testcase name="testUpdateUser" classname="com.raibledesigns.dao.UserDaoTest" time="0.023"/>
  <testcase name="testGetUser" classname="com.raibledesigns.dao.UserDaoTest" time="0.013"/>
  <testcase name="testGetUserInvalid" classname="com.raibledesigns.dao.UserDaoTest" time="0.022"/>
  <testcase name="testUserNotExists" classname="com.raibledesigns.dao.UserDaoTest" time="0.012"/>
  <testcase name="testUserExists" classname="com.raibledesigns.dao.UserDaoTest" time="0.241"/>
  <testcase name="testAddAndRemoveUser" classname="com.raibledesigns.dao.UserDaoTest" time="0.118"/>
  <testcase name="testSearch" classname="com.raibledesigns.dao.UserDaoTest" time="1.295"/>
  <testcase name="testGetUserPassword" classname="com.raibledesigns.dao.UserDaoTest" time="0.049"/>
</testsuite>